# JRE version: Java(TM) SE Runtime Environment (8.0_171-b11) (build 1.8.0_171-b11)
# Java VM: Java HotSpot(TM) 64-Bit Server VM (25.171-b11 mixed mode windows-amd64 compressed oops)
Heap:
 PSYoungGen      total 78336K, used 26548K [0x000000076dd00000, 0x0000000775680000, 0x00000007c0000000)
  eden space 60416K, 40% used [0x000000076dd00000,0x000000076f4c4248,0x0000000771800000)
  from space 17920K, 12% used [0x0000000772b80000,0x0000000772da8e78,0x0000000773d00000)
  to   space 19968K, 0% used [0x0000000771800000,0x0000000771800000,0x0000000772b80000)
 ParOldGen       total 133632K, used 21822K [0x00000006c9600000, 0x00000006d1880000, 0x000000076dd00000)
  object space 133632K, 16% used [0x00000006c9600000,0x00000006cab4f920,0x00000006d1880000)
 Metaspace       used 24825K, capacity 25380K, committed 25600K, reserved 1071104K
  class space    used 2913K, capacity 3054K, committed 3072K, reserved 1048576K
GC Heap History (10 events):
Event: 9.141 GC heap before
{Heap before GC invocations=3 (full 0):
 PSYoungGen      total 74240K, used 74230K [0x000000076dd00000, 0x0000000772f80000, 0x00000007c0000000)
  eden space 64000K, 100% used [0x000000076dd00000,0x0000000771b80000,0x0000000771b80000)
  from space 10240K, 99% used [0x0000000772580000,0x0000000772f7db50,0x0000000772f80000)
  to   space 10240K, 0% used [0x0000000771b80000,0x0000000771b80000,0x0000000772580000)
 ParOldGen       total 169472K, used 1259K [0x00000006c9600000, 0x00000006d3b80000, 0x000000076dd00000)
  object space 169472K, 0% used [0x00000006c9600000,0x00000006c973ad00,0x00000006d3b80000)
 Metaspace       used 15756K, capacity 15954K, committed 16128K, reserved 1062912K
  class space    used 1872K, capacity 1947K, committed 2048K, reserved 1048576K
Event: 9.170 GC heap after
Heap after GC invocations=3 (full 0):
 PSYoungGen      total 74240K, used 10224K [0x000000076dd00000, 0x0000000772f80000, 0x00000007c0000000)
  eden space 64000K, 0% used [0x000000076dd00000,0x000000076dd00000,0x0000000771b80000)
  from space 10240K, 99% used [0x0000000771b80000,0x000000077257c070,0x0000000772580000)
  to   space 10240K, 0% used [0x0000000772580000,0x0000000772580000,0x0000000772f80000)
 ParOldGen       total 169472K, used 6019K [0x00000006c9600000, 0x00000006d3b80000, 0x000000076dd00000)
  object space 169472K, 3% used [0x00000006c9600000,0x00000006c9be0fc8,0x00000006d3b80000)
 Metaspace       used 15756K, capacity 15954K, committed 16128K, reserved 1062912K
  class space    used 1872K, capacity 1947K, committed 2048K, reserved 1048576K
}
Event: 15.182 GC heap before
{Heap before GC invocations=4 (full 0):
 PSYoungGen      total 74240K, used 74224K [0x000000076dd00000, 0x0000000772f80000, 0x00000007c0000000)
  eden space 64000K, 100% used [0x000000076dd00000,0x0000000771b80000,0x0000000771b80000)
  from space 10240K, 99% used [0x0000000771b80000,0x000000077257c070,0x0000000772580000)
  to   space 10240K, 0% used [0x0000000772580000,0x0000000772580000,0x0000000772f80000)
 ParOldGen       total 169472K, used 6019K [0x00000006c9600000, 0x00000006d3b80000, 0x000000076dd00000)
  object space 169472K, 3% used [0x00000006c9600000,0x00000006c9be0fc8,0x00000006d3b80000)
 Metaspace       used 17316K, capacity 17734K, committed 18048K, reserved 1064960K
  class space    used 2030K, capacity 2129K, committed 2176K, reserved 1048576K
Event: 15.205 GC heap after
Heap after GC invocations=4 (full 0):
 PSYoungGen      total 74240K, used 10208K [0x000000076dd00000, 0x0000000772f80000, 0x00000007c0000000)
  eden space 64000K, 0% used [0x000000076dd00000,0x000000076dd00000,0x0000000771b80000)
  from space 10240K, 99% used [0x0000000772580000,0x0000000772f78040,0x0000000772f80000)
  to   space 10240K, 0% used [0x0000000771b80000,0x0000000771b80000,0x0000000772580000)
 ParOldGen       total 169472K, used 10642K [0x00000006c9600000, 0x00000006d3b80000, 0x000000076dd00000)
  object space 169472K, 6% used [0x00000006c9600000,0x00000006ca064bd0,0x00000006d3b80000)
 Metaspace       used 17316K, capacity 17734K, committed 18048K, reserved 1064960K
  class space    used 2030K, capacity 2129K, committed 2176K, reserved 1048576K
}
Event: 17.857 GC heap before
{Heap before GC invocations=5 (full 0):
 PSYoungGen      total 74240K, used 53274K [0x000000076dd00000, 0x0000000772f80000, 0x00000007c0000000)
  eden space 64000K, 67% used [0x000000076dd00000,0x000000077070eb50,0x0000000771b80000)
  from space 10240K, 99% used [0x0000000772580000,0x0000000772f78040,0x0000000772f80000)
  to   space 10240K, 0% used [0x0000000771b80000,0x0000000771b80000,0x0000000772580000)
 ParOldGen       total 169472K, used 10642K [0x00000006c9600000, 0x00000006d3b80000, 0x000000076dd00000)
  object space 169472K, 6% used [0x00000006c9600000,0x00000006ca064bd0,0x00000006d3b80000)
 Metaspace       used 20554K, capacity 21104K, committed 21248K, reserved 1069056K
  class space    used 2367K, capacity 2502K, committed 2560K, reserved 1048576K
Event: 17.893 GC heap after
Heap after GC invocations=5 (full 0):
 PSYoungGen      total 72704K, used 10240K [0x000000076dd00000, 0x0000000773d00000, 0x00000007c0000000)
  eden space 62464K, 0% used [0x000000076dd00000,0x000000076dd00000,0x0000000771a00000)
  from space 10240K, 100% used [0x0000000771b80000,0x0000000772580000,0x0000000772580000)
  to   space 17920K, 0% used [0x0000000772b80000,0x0000000772b80000,0x0000000773d00000)
 ParOldGen       total 169472K, used 15316K [0x00000006c9600000, 0x00000006d3b80000, 0x000000076dd00000)
  object space 169472K, 9% used [0x00000006c9600000,0x00000006ca4f5128,0x00000006d3b80000)
 Metaspace       used 20554K, capacity 21104K, committed 21248K, reserved 1069056K
  class space    used 2367K, capacity 2502K, committed 2560K, reserved 1048576K
}
Event: 17.893 GC heap before
{Heap before GC invocations=6 (full 1):
 PSYoungGen      total 72704K, used 10240K [0x000000076dd00000, 0x0000000773d00000, 0x00000007c0000000)
  eden space 62464K, 0% used [0x000000076dd00000,0x000000076dd00000,0x0000000771a00000)
  from space 10240K, 100% used [0x0000000771b80000,0x0000000772580000,0x0000000772580000)
  to   space 17920K, 0% used [0x0000000772b80000,0x0000000772b80000,0x0000000773d00000)
 ParOldGen       total 169472K, used 15316K [0x00000006c9600000, 0x00000006d3b80000, 0x000000076dd00000)
  object space 169472K, 9% used [0x00000006c9600000,0x00000006ca4f5128,0x00000006d3b80000)
 Metaspace       used 20554K, capacity 21104K, committed 21248K, reserved 1069056K
  class space    used 2367K, capacity 2502K, committed 2560K, reserved 1048576K
Event: 18.122 GC heap after
Heap after GC invocations=6 (full 1):
 PSYoungGen      total 72704K, used 0K [0x000000076dd00000, 0x0000000773d00000, 0x00000007c0000000)
  eden space 62464K, 0% used [0x000000076dd00000,0x000000076dd00000,0x0000000771a00000)
  from space 10240K, 0% used [0x0000000771b80000,0x0000000771b80000,0x0000000772580000)
  to   space 17920K, 0% used [0x0000000772b80000,0x0000000772b80000,0x0000000773d00000)
 ParOldGen       total 133632K, used 21814K [0x00000006c9600000, 0x00000006d1880000, 0x000000076dd00000)
  object space 133632K, 16% used [0x00000006c9600000,0x00000006cab4d920,0x00000006d1880000)
 Metaspace       used 20554K, capacity 21104K, committed 21248K, reserved 1069056K
  class space    used 2367K, capacity 2502K, committed 2560K, reserved 1048576K
}
Event: 19.384 GC heap before
{Heap before GC invocations=7 (full 1):
 PSYoungGen      total 72704K, used 62464K [0x000000076dd00000, 0x0000000773d00000, 0x00000007c0000000)
  eden space 62464K, 100% used [0x000000076dd00000,0x0000000771a00000,0x0000000771a00000)
  from space 10240K, 0% used [0x0000000771b80000,0x0000000771b80000,0x0000000772580000)
  to   space 17920K, 0% used [0x0000000772b80000,0x0000000772b80000,0x0000000773d00000)
 ParOldGen       total 133632K, used 21814K [0x00000006c9600000, 0x00000006d1880000, 0x000000076dd00000)
  object space 133632K, 16% used [0x00000006c9600000,0x00000006cab4d920,0x00000006d1880000)
 Metaspace       used 24333K, capacity 24900K, committed 25088K, reserved 1071104K
  class space    used 2884K, capacity 3022K, committed 3072K, reserved 1048576K
Event: 19.391 GC heap after
Heap after GC invocations=7 (full 1):
 PSYoungGen      total 78336K, used 2211K [0x000000076dd00000, 0x0000000775680000, 0x00000007c0000000)
  eden space 60416K, 0% used [0x000000076dd00000,0x000000076dd00000,0x0000000771800000)
  from space 17920K, 12% used [0x0000000772b80000,0x0000000772da8e78,0x0000000773d00000)
  to   space 19968K, 0% used [0x0000000771800000,0x0000000771800000,0x0000000772b80000)
 ParOldGen       total 133632K, used 21822K [0x00000006c9600000, 0x00000006d1880000, 0x000000076dd00000)
  object space 133632K, 16% used [0x00000006c9600000,0x00000006cab4f920,0x00000006d1880000)
 Metaspace       used 24333K, capacity 24900K, committed 25088K, reserved 1071104K
  class space    used 2884K, capacity 3022K, committed 3072K, reserved 1048576K
}

